2015-12-12 19:12:57 INFO  BasicConfigs:76 - Basic Prperty not loaded. File name null.properties!
Please rerun the jar file with valid property file arguement.
2015-12-12 19:12:57 ERROR Main:37 - Clearly mention the commandline arguement which is the selected environment! Basic Prperty not loaded. File name null.properties!
2015-12-12 19:14:13 INFO  BasicConfigs:76 - Basic Prperty not loaded. File name null.properties!
Please rerun the jar file with valid property file arguement.
2015-12-12 19:16:30 INFO  BasicConfigs:76 - Basic Prperty not loaded. File name null.properties!
Please rerun the jar file with valid property file arguement.
2015-12-12 19:17:12 INFO  BasicConfigs:76 - Basic Prperty not loaded. File name null.properties!
Please rerun the jar file with valid property file arguement.
2015-12-12 19:17:53 INFO  Main:38 - Jersey app started with WADL available at http://localhost:8081/myapp/application.wadl
Hit enter to stop it...
2015-12-12 19:18:49 INFO  Main:38 - Jersey app started with WADL available at http://localhost:8081/myapp/application.wadl
Hit enter to stop it...
2015-12-12 19:20:56 INFO  Main:38 - Jersey app started with WADL available at http://localhost:8081/myapp/application.wadl
Hit enter to stop it...
2015-12-12 19:22:18 INFO  Main:38 - Jersey app started with WADL available at http://localhost:8081/myapp/application.wadl
Hit enter to stop it...
2015-12-12 19:27:18 INFO  Main:38 - Jersey app started with WADL available at http://localhost:8081/myapp/application.wadl
Hit enter to stop it...
2015-12-12 19:40:18 INFO  Main:38 - Jersey app started with WADL available at http://localhost:8081/myapp/application.wadl
Hit enter to stop it...
2015-12-12 19:43:30 INFO  Main:38 - Jersey app started with WADL available at http://localhost:8081/myapp/application.wadl
Hit enter to stop it...
2015-12-12 19:45:04 INFO  Main:38 - Jersey app started with WADL available at http://localhost:8081/myapp/application.wadl
Hit enter to stop it...
2015-12-12 20:00:18 INFO  Main:38 - Jersey app started with WADL available at http://localhost:8081/myapp/application.wadl
Hit enter to stop it...
2015-12-13 00:26:12 INFO  Main:38 - Jersey app started with WADL available at http://localhost:8081/myapp/application.wadl
Hit enter to stop it...
2015-12-13 00:50:06 INFO  Main:38 - Jersey app started with WADL available at http://localhost:8081/myapp/application.wadl
Hit enter to stop it...
2015-12-19 16:36:23 INFO  Main:38 - Jersey app started with WADL available at http://localhost:8081/myapp/application.wadl
Hit enter to stop it...
2015-12-19 16:39:01 INFO  Main:38 - Jersey app started with WADL available at http://localhost:8081/myapp/application.wadl
Hit enter to stop it...
